<?xml version="1.0" encoding="UTF-8" ?>
<testsuite tests="6" failures="0" name="com.test.service.TicTacToeServiceTest" time="0.008" errors="0" skipped="0">
  <properties>
    <property name="java.runtime.name" value="Java(TM) SE Runtime Environment"/>
    <property name="sun.boot.library.path" value="c:\Program Files\Java\jdk1.8.0_31\jre\bin"/>
    <property name="java.vm.version" value="25.31-b07"/>
    <property name="java.vm.vendor" value="Oracle Corporation"/>
    <property name="java.vendor.url" value="http://java.oracle.com/"/>
    <property name="path.separator" value=";"/>
    <property name="guice.disable.misplaced.annotation.check" value="true"/>
    <property name="java.vm.name" value="Java HotSpot(TM) 64-Bit Server VM"/>
    <property name="file.encoding.pkg" value="sun.io"/>
    <property name="user.script" value=""/>
    <property name="user.country" value="CA"/>
    <property name="sun.java.launcher" value="SUN_STANDARD"/>
    <property name="sun.os.patch.level" value=""/>
    <property name="java.vm.specification.name" value="Java Virtual Machine Specification"/>
    <property name="user.dir" value="c:\Users\Kaushik\workspace\ExpediaExercise"/>
    <property name="java.runtime.version" value="1.8.0_31-b13"/>
    <property name="java.awt.graphicsenv" value="sun.awt.Win32GraphicsEnvironment"/>
    <property name="java.endorsed.dirs" value="c:\Program Files\Java\jdk1.8.0_31\jre\lib\endorsed"/>
    <property name="os.arch" value="amd64"/>
    <property name="java.io.tmpdir" value="C:\Users\Kaushik\AppData\Local\Temp\"/>
    <property name="line.separator" value="
"/>
    <property name="java.vm.specification.vendor" value="Oracle Corporation"/>
    <property name="user.variant" value=""/>
    <property name="os.name" value="Windows 8.1"/>
    <property name="classworlds.conf" value="e:/Dev/Maven/apache-maven-3.2.5/bin/m2.conf"/>
    <property name="sun.jnu.encoding" value="Cp1252"/>
    <property name="java.library.path" value="c:\Program Files\Java\jdk1.8.0_31\bin;C:\WINDOWS\Sun\Java\bin;C:\WINDOWS\system32;C:\WINDOWS;c:\Program Files\Java\jdk1.8.0_31\bin;e:\Dev\Maven\apache-maven-3.2.5\bin;e:\Dev\Gradle\bin;c:\Users\Kaushik\bin;.;C:\Program Files (x86)\Git\local\bin;C:\Program Files (x86)\Git\mingw\bin;C:\Program Files (x86)\Git\bin;e:\Dev\conemu;e:\Dev\conemu\ConEmu;c:\ProgramData\Oracle\Java\javapath;c:\Program Files (x86)\Lenovo\FusionEngine;c:\Program Files (x86)\Intel\iCLS Client\;c:\Program Files\Intel\iCLS Client\;c:\WINDOWS\system32;c:\WINDOWS;c:\WINDOWS\System32\Wbem;c:\WINDOWS\System32\WindowsPowerShell\v1.0\;c:\Program Files\Intel\Intel(R) Management Engine Components\DAL;c:\Program Files\Intel\Intel(R) Management Engine Components\IPT;c:\Program Files (x86)\Intel\Intel(R) Management Engine Components\DAL;c:\Program Files (x86)\Intel\Intel(R) Management Engine Components\IPT;c:\Program Files (x86)\ATI Technologies\ATI.ACE\Core-Static;c:\Program Files (x86)\AMD\ATI.ACE\Core-Static;c:\Program Files (x86)\Skype\Phone\;c:\Program Files\Intel\WiFi\bin\;c:\Program Files\Common Files\Intel\WirelessCommon\;e:\Dev\apache-ant-1.9.5\bin;c:\Program Files\nodejs\;e:\Dev\Tomcat\apache-tomcat-8.0.24\bin;c:\ProgramData\chocolatey\bin;c:\Users\Kaushik\AppData\Roaming\npm;."/>
    <property name="java.specification.name" value="Java Platform API Specification"/>
    <property name="java.class.version" value="52.0"/>
    <property name="sun.management.compiler" value="HotSpot 64-Bit Tiered Compilers"/>
    <property name="os.version" value="6.3"/>
    <property name="user.home" value="C:\Users\Kaushik"/>
    <property name="user.timezone" value="America/New_York"/>
    <property name="java.awt.printerjob" value="sun.awt.windows.WPrinterJob"/>
    <property name="java.specification.version" value="1.8"/>
    <property name="file.encoding" value="Cp1252"/>
    <property name="user.name" value="Kaushik"/>
    <property name="java.class.path" value="e:/Dev/Maven/apache-maven-3.2.5/boot/plexus-classworlds-2.5.2.jar"/>
    <property name="java.vm.specification.version" value="1.8"/>
    <property name="sun.arch.data.model" value="64"/>
    <property name="java.home" value="c:\Program Files\Java\jdk1.8.0_31\jre"/>
    <property name="sun.java.command" value="org.codehaus.plexus.classworlds.launcher.Launcher clean install"/>
    <property name="java.specification.vendor" value="Oracle Corporation"/>
    <property name="user.language" value="en"/>
    <property name="awt.toolkit" value="sun.awt.windows.WToolkit"/>
    <property name="java.vm.info" value="mixed mode"/>
    <property name="java.version" value="1.8.0_31"/>
    <property name="java.ext.dirs" value="c:\Program Files\Java\jdk1.8.0_31\jre\lib\ext;C:\WINDOWS\Sun\Java\lib\ext"/>
    <property name="sun.boot.class.path" value="c:\Program Files\Java\jdk1.8.0_31\jre\lib\resources.jar;c:\Program Files\Java\jdk1.8.0_31\jre\lib\rt.jar;c:\Program Files\Java\jdk1.8.0_31\jre\lib\sunrsasign.jar;c:\Program Files\Java\jdk1.8.0_31\jre\lib\jsse.jar;c:\Program Files\Java\jdk1.8.0_31\jre\lib\jce.jar;c:\Program Files\Java\jdk1.8.0_31\jre\lib\charsets.jar;c:\Program Files\Java\jdk1.8.0_31\jre\lib\jfr.jar;c:\Program Files\Java\jdk1.8.0_31\jre\classes"/>
    <property name="sun.stderr.encoding" value="cp437"/>
    <property name="java.vendor" value="Oracle Corporation"/>
    <property name="maven.home" value="e:\Dev\Maven\apache-maven-3.2.5"/>
    <property name="file.separator" value="\"/>
    <property name="java.vendor.url.bug" value="http://bugreport.sun.com/bugreport/"/>
    <property name="sun.cpu.endian" value="little"/>
    <property name="sun.io.unicode.encoding" value="UnicodeLittle"/>
    <property name="sun.stdout.encoding" value="cp437"/>
    <property name="sun.desktop" value="windows"/>
    <property name="sun.cpu.isalist" value="amd64"/>
  </properties>
  <testcase classname="com.test.service.TicTacToeServiceTest" name="testPutUsersChoiceInToMtrx_WinInStLine" time="0.006"/>
  <testcase classname="com.test.service.TicTacToeServiceTest" name="testPutUsersChoiceInToMtrx_RaisesInvalidCoOrds" time="0"/>
  <testcase classname="com.test.service.TicTacToeServiceTest" name="testPutUsersChoiceInToMtrx_WinAlongDiagnol" time="0"/>
  <testcase classname="com.test.service.TicTacToeServiceTest" name="testPutUsersChoiceInToMtrx_ReturnZeroWithPreEmption" time="0.002"/>
  <testcase classname="com.test.service.TicTacToeServiceTest" name="testPutUsersChoiceInToMtrx_RaisesInvalidMove" time="0"/>
  <testcase classname="com.test.service.TicTacToeServiceTest" name="testPutUsersChoiceInToMtrx_RaisesInvalidUser" time="0"/>
</testsuite>